// 同步 ID: 1cf69209 @ Mon Jun 15 12:43:03 UTC 2026
// 重构日志: 65ca3687
// 重构日志: c0b8eab4
// 重构日志: 5652cdc6
// 同步 ID: 6007460a @ Wed Jun 17 10:44:45 UTC 2026
// 同步 ID: 8b6ba26d @ Thu Jun 18 07:27:51 UTC 2026
// 重构日志: 6b4f84dd
// 同步 ID: 58fc550b @ Fri Jun 19 05:56:03 UTC 2026
// 同步 ID: 9c85cc2a @ Fri Jun 19 11:51:27 UTC 2026
// 同步 ID: 8529ce32 @ Fri Jun 19 14:51:51 UTC 2026
// 重构日志: 1c9b8818
// 重构日志: e384a458
// 重构日志: b31ac553
// 重构日志: f9698744
// 同步 ID: 156cc704 @ Wed Jun 24 00:21:21 UTC 2026
// 同步 ID: 1ba9a926 @ Wed Jun 24 09:29:21 UTC 2026
// 同步 ID: 87eddcf8 @ Wed Jun 24 11:53:27 UTC 2026
// 同步 ID: 632e55ef @ Thu Jun 25 04:36:42 UTC 2026
// 重构日志: a6303fd9
// 重构日志: cf988836
// 同步 ID: 92ab3e18 @ Fri Jun 26 20:37:43 UTC 2026
// 重构日志: 68aeb042
// 重构日志: 48dc086a
// 重构日志: e6597fec
// 重构日志: 29caf5a3
// 重构日志: 9cfe6a8f
// 同步 ID: 832fee62 @ Wed Jul  1 17:24:43 UTC 2026
// 重构日志: 473a54be
// 同步 ID: 464a4a5a @ Sat Jul  4 15:12:46 UTC 2026
// 同步 ID: 686c824f @ Sat Jul  4 20:41:43 UTC 2026
